# JRE version: OpenJDK Runtime Environment (17.0.6) (build 17.0.6+0-b2043.56-9586694)
# Java VM: OpenJDK 64-Bit Server VM (17.0.6+0-b2043.56-9586694, mixed mode, tiered, compressed oops, compressed class ptrs, g1 gc, windows-amd64)
GC Precious Log:
 CPUs: 12 total, 12 available
 Memory: 16236M
 Large Page Support: Disabled
 NUMA Support: Disabled
 Compressed Oops: Enabled (32-bit)
 Heap Region Size: 1M
 Heap Min Capacity: 8M
 Heap Initial Capacity: 254M
 Heap Max Capacity: 2G
 Pre-touch: Disabled
 Parallel Workers: 10
 Concurrent Workers: 3
 Concurrent Refinement Workers: 10
 Periodic GC: Disabled
Heap:
 garbage-first heap   total 260096K, used 126903K [0x0000000080000000, 0x0000000100000000)
  region size 1024K, 1 young (1024K), 1 survivors (1024K)
 Metaspace       used 58407K, committed 59008K, reserved 1105920K
  class space    used 7884K, committed 8128K, reserved 1048576K
GC Heap History (20 events):
Event: 54.221 GC heap after
{Heap after GC invocations=19 (full 0):
 garbage-first heap   total 155648K, used 93324K [0x0000000080000000, 0x0000000100000000)
  region size 1024K, 5 young (5120K), 5 survivors (5120K)
 Metaspace       used 48601K, committed 49152K, reserved 1097728K
  class space    used 6368K, committed 6592K, reserved 1048576K
}
Event: 54.254 GC heap before
{Heap before GC invocations=19 (full 0):
 garbage-first heap   total 155648K, used 94348K [0x0000000080000000, 0x0000000100000000)
  region size 1024K, 7 young (7168K), 5 survivors (5120K)
 Metaspace       used 48650K, committed 49152K, reserved 1097728K
  class space    used 6376K, committed 6592K, reserved 1048576K
}
Event: 54.258 GC heap after
{Heap after GC invocations=20 (full 0):
 garbage-first heap   total 155648K, used 93748K [0x0000000080000000, 0x0000000100000000)
  region size 1024K, 1 young (1024K), 1 survivors (1024K)
 Metaspace       used 48650K, committed 49152K, reserved 1097728K
  class space    used 6376K, committed 6592K, reserved 1048576K
}
Event: 300.864 GC heap before
{Heap before GC invocations=20 (full 0):
 garbage-first heap   total 155648K, used 121396K [0x0000000080000000, 0x0000000100000000)
  region size 1024K, 29 young (29696K), 1 survivors (1024K)
 Metaspace       used 51314K, committed 51776K, reserved 1097728K
  class space    used 6797K, committed 6976K, reserved 1048576K
}
Event: 300.867 GC heap after
{Heap after GC invocations=21 (full 0):
 garbage-first heap   total 155648K, used 95665K [0x0000000080000000, 0x0000000100000000)
  region size 1024K, 3 young (3072K), 3 survivors (3072K)
 Metaspace       used 51314K, committed 51776K, reserved 1097728K
  class space    used 6797K, committed 6976K, reserved 1048576K
}
Event: 313.789 GC heap before
{Heap before GC invocations=22 (full 0):
 garbage-first heap   total 173056K, used 132529K [0x0000000080000000, 0x0000000100000000)
  region size 1024K, 32 young (32768K), 3 survivors (3072K)
 Metaspace       used 53615K, committed 54208K, reserved 1097728K
  class space    used 7186K, committed 7424K, reserved 1048576K
}
Event: 313.793 GC heap after
{Heap after GC invocations=23 (full 0):
 garbage-first heap   total 173056K, used 104638K [0x0000000080000000, 0x0000000100000000)
  region size 1024K, 2 young (2048K), 2 survivors (2048K)
 Metaspace       used 53615K, committed 54208K, reserved 1097728K
  class space    used 7186K, committed 7424K, reserved 1048576K
}
Event: 328.177 GC heap before
{Heap before GC invocations=23 (full 0):
 garbage-first heap   total 173056K, used 110782K [0x0000000080000000, 0x0000000100000000)
  region size 1024K, 8 young (8192K), 2 survivors (2048K)
 Metaspace       used 54263K, committed 54848K, reserved 1097728K
  class space    used 7268K, committed 7552K, reserved 1048576K
}
Event: 328.180 GC heap after
{Heap after GC invocations=24 (full 0):
 garbage-first heap   total 173056K, used 104564K [0x0000000080000000, 0x0000000100000000)
  region size 1024K, 1 young (1024K), 1 survivors (1024K)
 Metaspace       used 54263K, committed 54848K, reserved 1097728K
  class space    used 7268K, committed 7552K, reserved 1048576K
}
Event: 366.588 GC heap before
{Heap before GC invocations=24 (full 0):
 garbage-first heap   total 173056K, used 139380K [0x0000000080000000, 0x0000000100000000)
  region size 1024K, 36 young (36864K), 1 survivors (1024K)
 Metaspace       used 55350K, committed 55936K, reserved 1097728K
  class space    used 7389K, committed 7680K, reserved 1048576K
}
Event: 366.594 GC heap after
{Heap after GC invocations=25 (full 0):
 garbage-first heap   total 173056K, used 108975K [0x0000000080000000, 0x0000000100000000)
  region size 1024K, 5 young (5120K), 5 survivors (5120K)
 Metaspace       used 55350K, committed 55936K, reserved 1097728K
  class space    used 7389K, committed 7680K, reserved 1048576K
}
Event: 445.865 GC heap before
{Heap before GC invocations=26 (full 0):
 garbage-first heap   total 184320K, used 149935K [0x0000000080000000, 0x0000000100000000)
  region size 1024K, 37 young (37888K), 5 survivors (5120K)
 Metaspace       used 58249K, committed 58880K, reserved 1105920K
  class space    used 7882K, committed 8128K, reserved 1048576K
}
Event: 445.871 GC heap after
{Heap after GC invocations=27 (full 0):
 garbage-first heap   total 184320K, used 125919K [0x0000000080000000, 0x0000000100000000)
  region size 1024K, 5 young (5120K), 5 survivors (5120K)
 Metaspace       used 58249K, committed 58880K, reserved 1105920K
  class space    used 7882K, committed 8128K, reserved 1048576K
}
Event: 445.904 GC heap before
{Heap before GC invocations=27 (full 0):
 garbage-first heap   total 184320K, used 130015K [0x0000000080000000, 0x0000000100000000)
  region size 1024K, 9 young (9216K), 5 survivors (5120K)
 Metaspace       used 58318K, committed 58880K, reserved 1105920K
  class space    used 7883K, committed 8128K, reserved 1048576K
}
Event: 445.907 GC heap after
{Heap after GC invocations=28 (full 0):
 garbage-first heap   total 184320K, used 126639K [0x0000000080000000, 0x0000000100000000)
  region size 1024K, 1 young (1024K), 1 survivors (1024K)
 Metaspace       used 58318K, committed 58880K, reserved 1105920K
  class space    used 7883K, committed 8128K, reserved 1048576K
}
Event: 446.019 GC heap before
{Heap before GC invocations=28 (full 0):
 garbage-first heap   total 184320K, used 153263K [0x0000000080000000, 0x0000000100000000)
  region size 1024K, 27 young (27648K), 1 survivors (1024K)
 Metaspace       used 58382K, committed 58944K, reserved 1105920K
  class space    used 7884K, committed 8128K, reserved 1048576K
}
Event: 446.021 GC heap after
{Heap after GC invocations=29 (full 0):
 garbage-first heap   total 184320K, used 126938K [0x0000000080000000, 0x0000000100000000)
  region size 1024K, 1 young (1024K), 1 survivors (1024K)
 Metaspace       used 58382K, committed 58944K, reserved 1105920K
  class space    used 7884K, committed 8128K, reserved 1048576K
}
Event: 446.150 GC heap before
{Heap before GC invocations=30 (full 0):
 garbage-first heap   total 222208K, used 154586K [0x0000000080000000, 0x0000000100000000)
  region size 1024K, 28 young (28672K), 1 survivors (1024K)
 Metaspace       used 58402K, committed 59008K, reserved 1105920K
  class space    used 7884K, committed 8128K, reserved 1048576K
}
Event: 446.152 GC heap after
{Heap after GC invocations=31 (full 0):
 garbage-first heap   total 222208K, used 127908K [0x0000000080000000, 0x0000000100000000)
  region size 1024K, 2 young (2048K), 2 survivors (2048K)
 Metaspace       used 58402K, committed 59008K, reserved 1105920K
  class space    used 7884K, committed 8128K, reserved 1048576K
}
Event: 446.182 GC heap before
{Heap before GC invocations=31 (full 0):
 garbage-first heap   total 222208K, used 136100K [0x0000000080000000, 0x0000000100000000)
  region size 1024K, 10 young (10240K), 2 survivors (2048K)
 Metaspace       used 58407K, committed 59008K, reserved 1105920K
  class space    used 7884K, committed 8128K, reserved 1048576K
}

