# JRE version: OpenJDK Runtime Environment (17.0.6) (build 17.0.6+0-b2043.56-9586694)
# Java VM: OpenJDK 64-Bit Server VM (17.0.6+0-b2043.56-9586694, mixed mode, tiered, compressed oops, compressed class ptrs, g1 gc, windows-amd64)
GC Precious Log:
 CPUs: 12 total, 12 available
 Memory: 16236M
 Large Page Support: Disabled
 NUMA Support: Disabled
 Compressed Oops: Enabled (32-bit)
 Heap Region Size: 1M
 Heap Min Capacity: 8M
 Heap Initial Capacity: 254M
 Heap Max Capacity: 2G
 Pre-touch: Disabled
 Parallel Workers: 10
 Concurrent Workers: 3
 Concurrent Refinement Workers: 10
 Periodic GC: Disabled
Heap:
 garbage-first heap   total 249856K, used 183359K [0x0000000080000000, 0x0000000100000000)
  region size 1024K, 39 young (39936K), 5 survivors (5120K)
 Metaspace       used 83191K, committed 83968K, reserved 1122304K
  class space    used 11348K, committed 11712K, reserved 1048576K
GC Heap History (20 events):
Event: 255.522 GC heap before
{Heap before GC invocations=46 (full 0):
 garbage-first heap   total 201728K, used 145773K [0x0000000080000000, 0x0000000100000000)
  region size 1024K, 28 young (28672K), 4 survivors (4096K)
 Metaspace       used 60072K, committed 60672K, reserved 1105920K
  class space    used 7968K, committed 8192K, reserved 1048576K
}
Event: 255.525 GC heap after
{Heap after GC invocations=47 (full 0):
 garbage-first heap   total 201728K, used 122764K [0x0000000080000000, 0x0000000100000000)
  region size 1024K, 1 young (1024K), 1 survivors (1024K)
 Metaspace       used 60072K, committed 60672K, reserved 1105920K
  class space    used 7968K, committed 8192K, reserved 1048576K
}
Event: 263.516 GC heap before
{Heap before GC invocations=48 (full 0):
 garbage-first heap   total 208896K, used 143244K [0x0000000080000000, 0x0000000100000000)
  region size 1024K, 22 young (22528K), 1 survivors (1024K)
 Metaspace       used 64179K, committed 64832K, reserved 1105920K
  class space    used 8517K, committed 8832K, reserved 1048576K
}
Event: 263.518 GC heap after
{Heap after GC invocations=49 (full 0):
 garbage-first heap   total 208896K, used 124965K [0x0000000080000000, 0x0000000100000000)
  region size 1024K, 3 young (3072K), 3 survivors (3072K)
 Metaspace       used 64179K, committed 64832K, reserved 1105920K
  class space    used 8517K, committed 8832K, reserved 1048576K
}
Event: 263.877 GC heap before
{Heap before GC invocations=50 (full 0):
 garbage-first heap   total 232448K, used 137253K [0x0000000080000000, 0x0000000100000000)
  region size 1024K, 12 young (12288K), 3 survivors (3072K)
 Metaspace       used 64184K, committed 64832K, reserved 1105920K
  class space    used 8517K, committed 8832K, reserved 1048576K
}
Event: 263.881 GC heap after
{Heap after GC invocations=51 (full 0):
 garbage-first heap   total 232448K, used 130925K [0x0000000080000000, 0x0000000100000000)
  region size 1024K, 4 young (4096K), 4 survivors (4096K)
 Metaspace       used 64184K, committed 64832K, reserved 1105920K
  class space    used 8517K, committed 8832K, reserved 1048576K
}
Event: 265.937 GC heap before
{Heap before GC invocations=52 (full 0):
 garbage-first heap   total 232448K, used 168813K [0x0000000080000000, 0x0000000100000000)
  region size 1024K, 39 young (39936K), 4 survivors (4096K)
 Metaspace       used 67341K, committed 67968K, reserved 1114112K
  class space    used 8937K, committed 9216K, reserved 1048576K
}
Event: 265.940 GC heap after
{Heap after GC invocations=53 (full 0):
 garbage-first heap   total 232448K, used 128980K [0x0000000080000000, 0x0000000100000000)
  region size 1024K, 3 young (3072K), 3 survivors (3072K)
 Metaspace       used 67341K, committed 67968K, reserved 1114112K
  class space    used 8937K, committed 9216K, reserved 1048576K
}
Event: 266.157 GC heap before
{Heap before GC invocations=53 (full 0):
 garbage-first heap   total 232448K, used 133076K [0x0000000080000000, 0x0000000100000000)
  region size 1024K, 8 young (8192K), 3 survivors (3072K)
 Metaspace       used 67811K, committed 68480K, reserved 1114112K
  class space    used 8974K, committed 9280K, reserved 1048576K
}
Event: 266.160 GC heap after
{Heap after GC invocations=54 (full 0):
 garbage-first heap   total 232448K, used 129494K [0x0000000080000000, 0x0000000100000000)
  region size 1024K, 4 young (4096K), 4 survivors (4096K)
 Metaspace       used 67811K, committed 68480K, reserved 1114112K
  class space    used 8974K, committed 9280K, reserved 1048576K
}
Event: 271.257 GC heap before
{Heap before GC invocations=55 (full 0):
 garbage-first heap   total 232448K, used 174550K [0x0000000080000000, 0x0000000100000000)
  region size 1024K, 47 young (48128K), 4 survivors (4096K)
 Metaspace       used 71837K, committed 72448K, reserved 1114112K
  class space    used 9513K, committed 9792K, reserved 1048576K
}
Event: 271.260 GC heap after
{Heap after GC invocations=56 (full 0):
 garbage-first heap   total 232448K, used 132089K [0x0000000080000000, 0x0000000100000000)
  region size 1024K, 4 young (4096K), 4 survivors (4096K)
 Metaspace       used 71837K, committed 72448K, reserved 1114112K
  class space    used 9513K, committed 9792K, reserved 1048576K
}
Event: 273.782 GC heap before
{Heap before GC invocations=56 (full 0):
 garbage-first heap   total 232448K, used 181241K [0x0000000080000000, 0x0000000100000000)
  region size 1024K, 52 young (53248K), 4 survivors (4096K)
 Metaspace       used 72542K, committed 73216K, reserved 1114112K
  class space    used 9639K, committed 9920K, reserved 1048576K
}
Event: 273.788 GC heap after
{Heap after GC invocations=57 (full 0):
 garbage-first heap   total 232448K, used 136353K [0x0000000080000000, 0x0000000100000000)
  region size 1024K, 7 young (7168K), 7 survivors (7168K)
 Metaspace       used 72542K, committed 73216K, reserved 1114112K
  class space    used 9639K, committed 9920K, reserved 1048576K
}
Event: 278.461 GC heap before
{Heap before GC invocations=58 (full 0):
 garbage-first heap   total 235520K, used 183457K [0x0000000080000000, 0x0000000100000000)
  region size 1024K, 53 young (54272K), 7 survivors (7168K)
 Metaspace       used 77029K, committed 77760K, reserved 1122304K
  class space    used 10436K, committed 10752K, reserved 1048576K
}
Event: 278.474 GC heap after
{Heap after GC invocations=59 (full 0):
 garbage-first heap   total 235520K, used 140259K [0x0000000080000000, 0x0000000100000000)
  region size 1024K, 4 young (4096K), 4 survivors (4096K)
 Metaspace       used 77029K, committed 77760K, reserved 1122304K
  class space    used 10436K, committed 10752K, reserved 1048576K
}
Event: 283.869 GC heap before
{Heap before GC invocations=59 (full 0):
 garbage-first heap   total 235520K, used 189411K [0x0000000080000000, 0x0000000100000000)
  region size 1024K, 52 young (53248K), 4 survivors (4096K)
 Metaspace       used 80769K, committed 81472K, reserved 1122304K
  class space    used 10987K, committed 11328K, reserved 1048576K
}
Event: 283.875 GC heap after
{Heap after GC invocations=60 (full 0):
 garbage-first heap   total 235520K, used 145459K [0x0000000080000000, 0x0000000100000000)
  region size 1024K, 5 young (5120K), 5 survivors (5120K)
 Metaspace       used 80769K, committed 81472K, reserved 1122304K
  class space    used 10987K, committed 11328K, reserved 1048576K
}
Event: 286.013 GC heap before
{Heap before GC invocations=61 (full 0):
 garbage-first heap   total 249856K, used 190515K [0x0000000080000000, 0x0000000100000000)
  region size 1024K, 49 young (50176K), 5 survivors (5120K)
 Metaspace       used 82366K, committed 83136K, reserved 1122304K
  class space    used 11232K, committed 11584K, reserved 1048576K
}
Event: 286.019 GC heap after
{Heap after GC invocations=62 (full 0):
 garbage-first heap   total 249856K, used 149567K [0x0000000080000000, 0x0000000100000000)
  region size 1024K, 5 young (5120K), 5 survivors (5120K)
 Metaspace       used 82366K, committed 83136K, reserved 1122304K
  class space    used 11232K, committed 11584K, reserved 1048576K
}

